\BOOKMARK [0][-]{Doc-Start}{Index}{}% 1
\BOOKMARK [0][-]{chapter.1}{Introduction}{}% 2
\BOOKMARK [1][-]{section.1.1}{StiroApp\040-\040The\040story\040behind}{chapter.1}% 3
\BOOKMARK [2][-]{subsection.1.1.1}{User\040story\040-\040Max}{section.1.1}% 4
\BOOKMARK [1][-]{section.1.2}{Understanding\040the\040problem\040-\040More\040deeply}{chapter.1}% 5
\BOOKMARK [1][-]{section.1.3}{Proposed\040solution}{chapter.1}% 6
\BOOKMARK [2][-]{subsection.1.3.1}{Starting\040features}{section.1.3}% 7
\BOOKMARK [2][-]{subsection.1.3.2}{App\040Flow}{section.1.3}% 8
\BOOKMARK [2][-]{subsection.1.3.3}{UX\040and\040UI\040for\040StiroApp}{section.1.3}% 9
\BOOKMARK [2][-]{subsection.1.3.4}{Mockup}{section.1.3}% 10
\BOOKMARK [1][-]{section.1.4}{A\040look\040into\040the\040market}{chapter.1}% 11
\BOOKMARK [1][-]{section.1.5}{Business\040Model}{chapter.1}% 12
\BOOKMARK [0][-]{chapter.2}{Model}{}% 13
\BOOKMARK [1][-]{section.2.1}{Worker_iron\040agent}{chapter.2}% 14
\BOOKMARK [1][-]{section.2.2}{Buyer\040agent}{chapter.2}% 15
\BOOKMARK [1][-]{section.2.3}{Rider\040agent}{chapter.2}% 16
\BOOKMARK [1][-]{section.2.4}{Scheduler\040agent}{chapter.2}% 17
\BOOKMARK [0][-]{chapter.3}{Implementation}{}% 18
\BOOKMARK [1][-]{section.3.1}{Buyer\040agent\040implementation}{chapter.3}% 19
\BOOKMARK [1][-]{section.3.2}{Scheduler\040agent\040implementation}{chapter.3}% 20
\BOOKMARK [1][-]{section.3.3}{Rider\040agent\040implementation}{chapter.3}% 21
\BOOKMARK [1][-]{section.3.4}{Worker\040agent\040implementation}{chapter.3}% 22
\BOOKMARK [1][-]{section.3.5}{Main\040agent\040implementation}{chapter.3}% 23
\BOOKMARK [0][-]{chapter.4}{KPI}{}% 24
\BOOKMARK [0][-]{chapter.5}{Experiments}{}% 25
\BOOKMARK [1][-]{subsection.5.0.1}{Original\040setup}{chapter.5}% 26
\BOOKMARK [2][-]{subsection.5.0.2}{What-If\040scenario\0401:\040}{subsection.5.0.1}% 27
\BOOKMARK [0][-]{chapter.6}{Conclusion}{}% 28
\BOOKMARK [0][-]{chapter*.2}{References}{}% 29
